<?xml version="1.0" encoding="UTF-8"?>
<testng-results ignored="0" total="1" passed="1" failed="0" skipped="0">
  <reporter-output>
  </reporter-output>
  <suite started-at="2022-03-23T14:25:14 IST" name="Default suite" finished-at="2022-03-23T14:25:27 IST" duration-ms="13000">
    <groups>
    </groups>
    <test started-at="2022-03-23T14:25:14 IST" name="Default test" finished-at="2022-03-23T14:25:27 IST" duration-ms="13000">
      <class name="com.crm.demo.VtigerLoginTest">
        <test-method signature="login()[pri:0, instance:com.crm.demo.VtigerLoginTest@17046283]" started-at="2022-03-23T14:25:14 IST" name="login" finished-at="2022-03-23T14:25:27 IST" duration-ms="12956" status="PASS">
          <reporter-output>
          </reporter-output>
        </test-method> <!-- login -->
      </class> <!-- com.crm.demo.VtigerLoginTest -->
    </test> <!-- Default test -->
  </suite> <!-- Default suite -->
</testng-results>
